2008.10.01 11:27 B F:\alchemy\104.jpg --> www.sundanceartglass.com /store/catalog 104.jpg
2008.10.01 11:27 B F:\alchemy\106.jpg --> www.sundanceartglass.com /store/catalog 106.jpg
2008.10.01 11:28 B F:\alchemy\132.jpg --> www.sundanceartglass.com /store/catalog 132.jpg
2008.10.01 11:28 B F:\alchemy\135.jpg --> www.sundanceartglass.com /store/catalog 135.jpg
2008.10.01 11:28 B F:\alchemy\138.jpg --> www.sundanceartglass.com /store/catalog 138.jpg
2008.10.01 11:28 B F:\alchemy\1382.jpg --> www.sundanceartglass.com /store/catalog 1382.jpg
2008.10.01 11:28 B F:\alchemy\139.jpg --> www.sundanceartglass.com /store/catalog 139.jpg
2008.10.01 11:28 B F:\alchemy\163.jpg --> www.sundanceartglass.com /store/catalog 163.jpg
2008.10.01 11:28 B F:\alchemy\182.jpg --> www.sundanceartglass.com /store/catalog 182.jpg
2008.10.01 11:28 B F:\alchemy\204.jpg --> www.sundanceartglass.com /store/catalog 204.jpg
2008.10.01 11:28 B F:\alchemy\208.jpg --> www.sundanceartglass.com /store/catalog 208.jpg
2008.10.01 11:28 B F:\alchemy\2380.jpg --> www.sundanceartglass.com /store/catalog 2380.jpg
2008.10.01 11:28 B F:\alchemy\2383.jpg --> www.sundanceartglass.com /store/catalog 2383.jpg
2008.10.01 11:28 B F:\alchemy\263.jpg --> www.sundanceartglass.com /store/catalog 263.jpg
2008.10.01 11:28 B F:\alchemy\287.jpg --> www.sundanceartglass.com /store/catalog 287.jpg
2008.10.01 11:28 B F:\alchemy\301.jpg --> www.sundanceartglass.com /store/catalog 301.jpg
2008.10.01 11:28 B F:\alchemy\302.jpg --> www.sundanceartglass.com /store/catalog 302.jpg
2008.10.01 11:28 B F:\alchemy\304.jpg --> www.sundanceartglass.com /store/catalog 304.jpg
2008.10.01 11:28 B F:\alchemy\381.jpg --> www.sundanceartglass.com /store/catalog 381.jpg
2008.10.01 11:28 B F:\alchemy\382.jpg --> www.sundanceartglass.com /store/catalog 382.jpg
2008.10.01 11:28 B F:\alchemy\383.jpg --> www.sundanceartglass.com /store/catalog 383.jpg
2008.10.01 11:28 B F:\alchemy\385.jpg --> www.sundanceartglass.com /store/catalog 385.jpg
2008.10.01 11:28 B F:\alchemy\386.jpg --> www.sundanceartglass.com /store/catalog 386.jpg
2008.10.01 11:28 B F:\alchemy\388.jpg --> www.sundanceartglass.com /store/catalog 388.jpg
2008.10.01 11:28 B F:\alchemy\403.jpg --> www.sundanceartglass.com /store/catalog 403.jpg
2008.10.01 11:28 B F:\alchemy\406.jpg --> www.sundanceartglass.com /store/catalog 406.jpg
2008.10.01 11:28 B F:\alchemy\421.jpg --> www.sundanceartglass.com /store/catalog 421.jpg
2008.10.01 11:28 B F:\alchemy\436.jpg --> www.sundanceartglass.com /store/catalog 436.jpg
2008.10.01 11:28 B F:\alchemy\441.jpg --> www.sundanceartglass.com /store/catalog 441.jpg
2008.10.01 11:28 B F:\alchemy\444.jpg --> www.sundanceartglass.com /store/catalog 444.jpg
2008.10.01 11:28 B F:\alchemy\445.jpg --> www.sundanceartglass.com /store/catalog 445.jpg
2008.10.01 11:28 B F:\alchemy\446.jpg --> www.sundanceartglass.com /store/catalog 446.jpg
2008.10.01 11:28 B F:\alchemy\447.jpg --> www.sundanceartglass.com /store/catalog 447.jpg
2008.10.01 11:28 B F:\alchemy\4484.jpg --> www.sundanceartglass.com /store/catalog 4484.jpg
2008.10.01 11:28 B F:\alchemy\4578.jpg --> www.sundanceartglass.com /store/catalog 4578.jpg
2008.10.01 11:28 B F:\alchemy\458.jpg --> www.sundanceartglass.com /store/catalog 458.jpg
2008.10.01 11:28 B F:\alchemy\461.jpg --> www.sundanceartglass.com /store/catalog 461.jpg
2008.10.01 11:28 B F:\alchemy\4641.jpg --> www.sundanceartglass.com /store/catalog 4641.jpg
2008.10.01 11:28 B F:\alchemy\4642.jpg --> www.sundanceartglass.com /store/catalog 4642.jpg
2008.10.01 11:28 B F:\alchemy\4646.jpg --> www.sundanceartglass.com /store/catalog 4646.jpg
2008.10.01 11:28 B F:\alchemy\481.jpg --> www.sundanceartglass.com /store/catalog 481.jpg
2008.10.01 11:28 B F:\alchemy\4838.jpg --> www.sundanceartglass.com /store/catalog 4838.jpg
2008.10.01 11:28 B F:\alchemy\485.jpg --> www.sundanceartglass.com /store/catalog 485.jpg
2008.10.01 11:28 B F:\alchemy\487.jpg --> www.sundanceartglass.com /store/catalog 487.jpg
2008.10.01 11:28 B F:\alchemy\489.jpg --> www.sundanceartglass.com /store/catalog 489.jpg
2008.10.01 11:28 B F:\alchemy\510.jpg --> www.sundanceartglass.com /store/catalog 510.jpg
2008.10.01 11:28 B F:\alchemy\511.jpg --> www.sundanceartglass.com /store/catalog 511.jpg
2008.10.01 11:28 B F:\alchemy\512.jpg --> www.sundanceartglass.com /store/catalog 512.jpg
2008.10.01 11:28 B F:\alchemy\514.jpg --> www.sundanceartglass.com /store/catalog 514.jpg
2008.10.01 11:29 B F:\alchemy\515.jpg --> www.sundanceartglass.com /store/catalog 515.jpg
2008.10.01 11:29 B F:\alchemy\516.jpg --> www.sundanceartglass.com /store/catalog 516.jpg
2008.10.01 11:29 B F:\alchemy\5186.jpg --> www.sundanceartglass.com /store/catalog 5186.jpg
2008.10.01 11:29 B F:\alchemy\5188.jpg --> www.sundanceartglass.com /store/catalog 5188.jpg
2008.10.01 11:29 B F:\alchemy\5192.jpg --> www.sundanceartglass.com /store/catalog 5192.jpg
2008.10.01 11:29 B F:\alchemy\5195.jpg --> www.sundanceartglass.com /store/catalog 5195.jpg
2008.10.01 11:29 B F:\alchemy\521.jpg --> www.sundanceartglass.com /store/catalog 521.jpg
2008.10.01 11:29 B F:\alchemy\531.jpg --> www.sundanceartglass.com /store/catalog 531.jpg
2008.10.01 11:29 B F:\alchemy\541.jpg --> www.sundanceartglass.com /store/catalog 541.jpg
2008.10.01 11:29 B F:\alchemy\546.jpg --> www.sundanceartglass.com /store/catalog 546.jpg
2008.10.01 11:29 B F:\alchemy\548.jpg --> www.sundanceartglass.com /store/catalog 548.jpg
2008.10.01 11:29 B F:\alchemy\5486.jpg --> www.sundanceartglass.com /store/catalog 5486.jpg
2008.10.01 11:29 B F:\alchemy\552.jpg --> www.sundanceartglass.com /store/catalog 552.jpg
2008.10.01 11:29 B F:\alchemy\555.jpg --> www.sundanceartglass.com /store/catalog 555.jpg
2008.10.01 11:29 B F:\alchemy\556.jpg --> www.sundanceartglass.com /store/catalog 556.jpg
2008.10.01 11:29 B F:\alchemy\558.jpg --> www.sundanceartglass.com /store/catalog 558.jpg
2008.10.01 11:29 B F:\alchemy\559.jpg --> www.sundanceartglass.com /store/catalog 559.jpg
2008.10.01 11:29 B F:\alchemy\5813.jpg --> www.sundanceartglass.com /store/catalog 5813.jpg
2008.10.01 11:29 B F:\alchemy\585.jpg --> www.sundanceartglass.com /store/catalog 585.jpg
2008.10.01 11:29 B F:\alchemy\587.jpg --> www.sundanceartglass.com /store/catalog 587.jpg
2008.10.01 11:29 B F:\alchemy\592.jpg --> www.sundanceartglass.com /store/catalog 592.jpg
2008.10.01 11:29 B F:\alchemy\597.jpg --> www.sundanceartglass.com /store/catalog 597.jpg
2008.10.01 11:29 B F:\alchemy\672.jpg --> www.sundanceartglass.com /store/catalog 672.jpg
2008.10.01 11:29 B F:\alchemy\683.jpg --> www.sundanceartglass.com /store/catalog 683.jpg
2008.10.01 11:29 B F:\alchemy\738.jpg --> www.sundanceartglass.com /store/catalog 738.jpg
2008.10.01 11:29 B F:\alchemy\761.jpg --> www.sundanceartglass.com /store/catalog 761.jpg
2008.10.01 11:29 B F:\alchemy\773.jpg --> www.sundanceartglass.com /store/catalog 773.jpg
2008.10.01 11:29 B F:\alchemy\775.jpg --> www.sundanceartglass.com /store/catalog 775.jpg
2008.10.01 11:29 B F:\alchemy\786.jpg --> www.sundanceartglass.com /store/catalog 786.jpg
2008.10.01 11:29 B F:\alchemy\804.jpg --> www.sundanceartglass.com /store/catalog 804.jpg
2008.10.01 11:29 B F:\alchemy\833.jpg --> www.sundanceartglass.com /store/catalog 833.jpg
2008.10.01 11:29 B F:\alchemy\8387.jpg --> www.sundanceartglass.com /store/catalog 8387.jpg
2008.10.01 11:29 B F:\alchemy\8458.jpg --> www.sundanceartglass.com /store/catalog 8458.jpg
2008.10.01 11:29 B F:\alchemy\8475.jpg --> www.sundanceartglass.com /store/catalog 8475.jpg
2008.10.01 11:29 B F:\alchemy\860.jpg --> www.sundanceartglass.com /store/catalog 860.jpg
2008.10.01 11:29 B F:\alchemy\864.jpg --> www.sundanceartglass.com /store/catalog 864.jpg
2008.10.01 11:29 B F:\alchemy\8989.jpg --> www.sundanceartglass.com /store/catalog 8989.jpg
2008.10.01 11:29 B F:\alchemy\931.jpg --> www.sundanceartglass.com /store/catalog 931.jpg
2008.10.01 11:29 B F:\alchemy\961.jpg --> www.sundanceartglass.com /store/catalog 961.jpg
2008.10.01 11:29 B F:\alchemy\974.jpg --> www.sundanceartglass.com /store/catalog 974.jpg
2008.10.01 11:29 B F:\alchemy\9749.jpg --> www.sundanceartglass.com /store/catalog 9749.jpg
2008.10.01 11:29 B F:\alchemy\9789.jpg --> www.sundanceartglass.com /store/catalog 9789.jpg
2008.10.01 11:29 B F:\alchemy\987.jpg --> www.sundanceartglass.com /store/catalog 987.jpg
2008.10.01 11:29 B F:\alchemy\993.jpg --> www.sundanceartglass.com /store/catalog 993.jpg
2008.10.01 11:30 B F:\alchemy\9958.jpg --> www.sundanceartglass.com /store/catalog 9958.jpg
2008.10.01 11:30 B F:\alchemy\9992.jpg --> www.sundanceartglass.com /store/catalog 9992.jpg
2008.10.01 11:30 B F:\alchemy\9995.jpg --> www.sundanceartglass.com /store/catalog 9995.jpg
2008.10.01 11:32 B F:\alchemy\4838.jpg --> www.sundanceartglass.com /store/catalog 4838.jpg
2008.10.06 11:07 B C:\bweb\alchemy\WS_FTP.LOG <-- sundanceglass /www/alchemy WS_FTP.LOG
2008.10.06 11:07 B C:\bweb\alchemy\T163N-BL.jpg <-- sundanceglass /www/alchemy T163N-BL.jpg
2008.10.06 11:07 B C:\bweb\alchemy\9995.jpg <-- sundanceglass /www/alchemy 9995.jpg
2008.10.06 11:07 B C:\bweb\alchemy\9958.jpg <-- sundanceglass /www/alchemy 9958.jpg
2008.10.06 11:07 B C:\bweb\alchemy\993.jpg <-- sundanceglass /www/alchemy 993.jpg
2008.10.06 11:07 B C:\bweb\alchemy\961.jpg <-- sundanceglass /www/alchemy 961.jpg
2008.10.06 11:07 B C:\bweb\alchemy\8989.jpg <-- sundanceglass /www/alchemy 8989.jpg
2008.10.06 11:07 B C:\bweb\alchemy\8458.jpg <-- sundanceglass /www/alchemy 8458.jpg
2008.10.06 11:07 B C:\bweb\alchemy\8387.jpg <-- sundanceglass /www/alchemy 8387.jpg
2008.10.06 11:07 B C:\bweb\alchemy\804.jpg <-- sundanceglass /www/alchemy 804.jpg
2008.10.06 11:07 B C:\bweb\alchemy\761.jpg <-- sundanceglass /www/alchemy 761.jpg
2008.10.06 11:07 B C:\bweb\alchemy\683.jpg <-- sundanceglass /www/alchemy 683.jpg
2008.10.06 11:07 B C:\bweb\alchemy\597.jpg <-- sundanceglass /www/alchemy 597.jpg
2008.10.06 11:07 B C:\bweb\alchemy\5813.jpg <-- sundanceglass /www/alchemy 5813.jpg
2008.10.06 11:07 B C:\bweb\alchemy\558.jpg <-- sundanceglass /www/alchemy 558.jpg
2008.10.06 11:07 B C:\bweb\alchemy\556.jpg <-- sundanceglass /www/alchemy 556.jpg
2008.10.06 11:07 B C:\bweb\alchemy\552.jpg <-- sundanceglass /www/alchemy 552.jpg
2008.10.06 11:07 B C:\bweb\alchemy\546.jpg <-- sundanceglass /www/alchemy 546.jpg
2008.10.06 11:07 B C:\bweb\alchemy\531.jpg <-- sundanceglass /www/alchemy 531.jpg
2008.10.06 11:07 B C:\bweb\alchemy\521.jpg <-- sundanceglass /www/alchemy 521.jpg
2008.10.06 11:07 B C:\bweb\alchemy\5186.jpg <-- sundanceglass /www/alchemy 5186.jpg
2008.10.06 11:07 B C:\bweb\alchemy\516.jpg <-- sundanceglass /www/alchemy 516.jpg
2008.10.06 11:07 B C:\bweb\alchemy\512.jpg <-- sundanceglass /www/alchemy 512.jpg
2008.10.06 11:07 B C:\bweb\alchemy\487.jpg <-- sundanceglass /www/alchemy 487.jpg
2008.10.06 11:07 B C:\bweb\alchemy\485.jpg <-- sundanceglass /www/alchemy 485.jpg
2008.10.06 11:07 B C:\bweb\alchemy\481.jpg <-- sundanceglass /www/alchemy 481.jpg
2008.10.06 11:07 B C:\bweb\alchemy\461.jpg <-- sundanceglass /www/alchemy 461.jpg
2008.10.06 11:07 B C:\bweb\alchemy\458.jpg <-- sundanceglass /www/alchemy 458.jpg
2008.10.06 11:07 B C:\bweb\alchemy\447.jpg <-- sundanceglass /www/alchemy 447.jpg
2008.10.06 11:07 B C:\bweb\alchemy\441.jpg <-- sundanceglass /www/alchemy 441.jpg
2008.10.06 11:07 B C:\bweb\alchemy\406.jpg <-- sundanceglass /www/alchemy 406.jpg
2008.10.06 11:07 B C:\bweb\alchemy\403.jpg <-- sundanceglass /www/alchemy 403.jpg
2008.10.06 11:07 B C:\bweb\alchemy\388.jpg <-- sundanceglass /www/alchemy 388.jpg
2008.10.06 11:07 B C:\bweb\alchemy\385.jpg <-- sundanceglass /www/alchemy 385.jpg
2008.10.06 11:07 B C:\bweb\alchemy\383.jpg <-- sundanceglass /www/alchemy 383.jpg
2008.10.06 11:07 B C:\bweb\alchemy\382.jpg <-- sundanceglass /www/alchemy 382.jpg
2008.10.06 11:07 B C:\bweb\alchemy\304.jpg <-- sundanceglass /www/alchemy 304.jpg
2008.10.06 11:07 B C:\bweb\alchemy\302.jpg <-- sundanceglass /www/alchemy 302.jpg
2008.10.06 11:07 B C:\bweb\alchemy\301.jpg <-- sundanceglass /www/alchemy 301.jpg
2008.10.06 11:07 B C:\bweb\alchemy\287.jpg <-- sundanceglass /www/alchemy 287.jpg
2008.10.06 11:07 B C:\bweb\alchemy\208.jpg <-- sundanceglass /www/alchemy 208.jpg
2008.10.06 11:08 B C:\bweb\alchemy\204.jpg <-- sundanceglass /www/alchemy 204.jpg
2008.10.06 11:08 B C:\bweb\alchemy\182.jpg <-- sundanceglass /www/alchemy 182.jpg
2008.10.06 11:08 B C:\bweb\alchemy\1382.jpg <-- sundanceglass /www/alchemy 1382.jpg
2008.10.06 11:08 B C:\bweb\alchemy\138.jpg <-- sundanceglass /www/alchemy 138.jpg
2008.10.06 11:08 B C:\bweb\alchemy\106.jpg <-- sundanceglass /www/alchemy 106.jpg
2008.10.06 13:32 B C:\bweb\alchemy\T263N-BL.jpg <-- sundanceglass /www/alchemy T263N-BL.jpg
2008.10.17 16:29 B C:\bweb\alchemy\489.jpg <-- sundanceglass /www/alchemy 489.jpg
2009.01.08 14:44 B C:\bWEB\alchemy\4846.jpg <-- sundance godaddy /alchemy 4846.jpg
2009.01.08 14:44 B C:\bWEB\alchemy\9749.jpg <-- sundance godaddy /alchemy 9749.jpg
2009.01.08 14:44 B C:\bWEB\alchemy\931.jpg <-- sundance godaddy /alchemy 931.jpg
2009.01.08 14:44 B C:\bWEB\alchemy\860.jpg <-- sundance godaddy /alchemy 860.jpg
2009.01.08 14:44 B C:\bWEB\alchemy\8475.jpg <-- sundance godaddy /alchemy 8475.jpg
2009.01.08 14:44 B C:\bWEB\alchemy\8458.jpg <-- sundance godaddy /alchemy 8458.jpg
2009.01.08 14:44 B C:\bWEB\alchemy\833.jpg <-- sundance godaddy /alchemy 833.jpg
2009.01.08 14:44 B C:\bWEB\alchemy\786.jpg <-- sundance godaddy /alchemy 786.jpg
2009.01.08 14:44 B C:\bWEB\alchemy\775.jpg <-- sundance godaddy /alchemy 775.jpg
2009.01.08 14:44 B C:\bWEB\alchemy\738.jpg <-- sundance godaddy /alchemy 738.jpg
2009.01.08 14:44 B C:\bWEB\alchemy\683.jpg <-- sundance godaddy /alchemy 683.jpg
2009.01.08 14:44 B C:\bWEB\alchemy\672.jpg <-- sundance godaddy /alchemy 672.jpg
2009.01.08 14:44 B C:\bWEB\alchemy\592.jpg <-- sundance godaddy /alchemy 592.jpg
2009.01.08 14:44 B C:\bWEB\alchemy\587.jpg <-- sundance godaddy /alchemy 587.jpg
2009.01.08 14:44 B C:\bWEB\alchemy\585.jpg <-- sundance godaddy /alchemy 585.jpg
2009.01.08 14:44 B C:\bWEB\alchemy\558.jpg <-- sundance godaddy /alchemy 558.jpg
2009.01.08 14:44 B C:\bWEB\alchemy\5488.jpg <-- sundance godaddy /alchemy 5488.jpg
2009.01.08 14:44 B C:\bWEB\alchemy\546.jpg <-- sundance godaddy /alchemy 546.jpg
2009.01.08 14:44 B C:\bWEB\alchemy\541.jpg <-- sundance godaddy /alchemy 541.jpg
2009.01.08 14:44 B C:\bWEB\alchemy\521.jpg <-- sundance godaddy /alchemy 521.jpg
2009.01.08 14:44 B C:\bWEB\alchemy\5195.jpg <-- sundance godaddy /alchemy 5195.jpg
2009.01.08 14:44 B C:\bWEB\alchemy\516.jpg <-- sundance godaddy /alchemy 516.jpg
2009.01.08 14:44 B C:\bWEB\alchemy\515.jpg <-- sundance godaddy /alchemy 515.jpg
2009.01.08 14:44 B C:\bWEB\alchemy\514.jpg <-- sundance godaddy /alchemy 514.jpg
2009.01.08 14:44 B C:\bWEB\alchemy\512.jpg <-- sundance godaddy /alchemy 512.jpg
2009.01.08 14:44 B C:\bWEB\alchemy\510.jpg <-- sundance godaddy /alchemy 510.jpg
2009.01.08 14:44 B C:\bWEB\alchemy\489.jpg <-- sundance godaddy /alchemy 489.jpg
2009.01.08 14:44 B C:\bWEB\alchemy\485.jpg <-- sundance godaddy /alchemy 485.jpg
2009.01.08 14:44 B C:\bWEB\alchemy\4838.jpg <-- sundance godaddy /alchemy 4838.jpg
2009.01.08 14:44 B C:\bWEB\alchemy\4646.jpg <-- sundance godaddy /alchemy 4646.jpg
2009.01.08 14:44 B C:\bWEB\alchemy\4642.jpg <-- sundance godaddy /alchemy 4642.jpg
2009.01.08 14:44 B C:\bWEB\alchemy\461.jpg <-- sundance godaddy /alchemy 461.jpg
2009.01.08 14:44 B C:\bWEB\alchemy\4578.jpg <-- sundance godaddy /alchemy 4578.jpg
2009.01.08 14:44 B C:\bWEB\alchemy\4484.jpg <-- sundance godaddy /alchemy 4484.jpg
2009.01.08 14:44 B C:\bWEB\alchemy\447.jpg <-- sundance godaddy /alchemy 447.jpg
2009.01.08 14:44 B C:\bWEB\alchemy\446.jpg <-- sundance godaddy /alchemy 446.jpg
2009.01.08 14:44 B C:\bWEB\alchemy\436.jpg <-- sundance godaddy /alchemy 436.jpg
2009.01.08 14:44 B C:\bWEB\alchemy\421.jpg <-- sundance godaddy /alchemy 421.jpg
2009.01.08 14:44 B C:\bWEB\alchemy\388.jpg <-- sundance godaddy /alchemy 388.jpg
2009.01.08 14:44 B C:\bWEB\alchemy\386.jpg <-- sundance godaddy /alchemy 386.jpg
2009.01.08 14:44 B C:\bWEB\alchemy\385.jpg <-- sundance godaddy /alchemy 385.jpg
2009.01.08 14:44 B C:\bWEB\alchemy\383.jpg <-- sundance godaddy /alchemy 383.jpg
2009.01.08 14:44 B C:\bWEB\alchemy\382.jpg <-- sundance godaddy /alchemy 382.jpg
2009.01.08 14:44 B C:\bWEB\alchemy\381.jpg <-- sundance godaddy /alchemy 381.jpg
2009.01.08 14:44 B C:\bWEB\alchemy\301.jpg <-- sundance godaddy /alchemy 301.jpg
2009.01.08 14:44 B C:\bWEB\alchemy\287.jpg <-- sundance godaddy /alchemy 287.jpg
2009.01.08 14:44 B C:\bWEB\alchemy\263.jpg <-- sundance godaddy /alchemy 263.jpg
2009.01.08 14:44 B C:\bWEB\alchemy\208.jpg <-- sundance godaddy /alchemy 208.jpg
2009.01.08 14:44 B C:\bWEB\alchemy\163.jpg <-- sundance godaddy /alchemy 163.jpg
2009.01.08 14:44 B C:\bWEB\alchemy\139.jpg <-- sundance godaddy /alchemy 139.jpg
2009.01.08 14:44 B C:\bWEB\alchemy\1382.jpg <-- sundance godaddy /alchemy 1382.jpg
2009.01.08 14:44 B C:\bWEB\alchemy\132.jpg <-- sundance godaddy /alchemy 132.jpg
2009.01.08 14:45 B C:\bWEB\alchemy\9995.jpg <-- sundance godaddy /alchemy 9995.jpg
2009.01.08 14:45 B C:\bWEB\alchemy\9992.jpg <-- sundance godaddy /alchemy 9992.jpg
2009.01.08 14:45 B C:\bWEB\alchemy\9958.jpg <-- sundance godaddy /alchemy 9958.jpg
2009.01.08 14:45 B C:\bWEB\alchemy\993.jpg <-- sundance godaddy /alchemy 993.jpg
2009.01.08 14:45 B C:\bWEB\alchemy\987.jpg <-- sundance godaddy /alchemy 987.jpg
2009.01.08 14:45 B C:\bWEB\alchemy\9789.jpg <-- sundance godaddy /alchemy 9789.jpg
2009.01.08 14:45 B C:\bWEB\alchemy\974.jpg <-- sundance godaddy /alchemy 974.jpg
2009.01.08 14:45 B C:\bWEB\alchemy\961.jpg <-- sundance godaddy /alchemy 961.jpg
2009.01.08 14:45 B C:\bWEB\alchemy\8989.jpg <-- sundance godaddy /alchemy 8989.jpg
2009.01.08 14:45 B C:\bWEB\alchemy\864.jpg <-- sundance godaddy /alchemy 864.jpg
2009.01.08 14:45 B C:\bWEB\alchemy\8387.jpg <-- sundance godaddy /alchemy 8387.jpg
2009.01.08 14:45 B C:\bWEB\alchemy\804.jpg <-- sundance godaddy /alchemy 804.jpg
2009.01.08 14:45 B C:\bWEB\alchemy\773.jpg <-- sundance godaddy /alchemy 773.jpg
2009.01.08 14:45 B C:\bWEB\alchemy\761.jpg <-- sundance godaddy /alchemy 761.jpg
2009.01.08 14:45 B C:\bWEB\alchemy\597.jpg <-- sundance godaddy /alchemy 597.jpg
2009.01.08 14:45 B C:\bWEB\alchemy\5813.jpg <-- sundance godaddy /alchemy 5813.jpg
2009.01.08 14:45 B C:\bWEB\alchemy\559.jpg <-- sundance godaddy /alchemy 559.jpg
2009.01.08 14:45 B C:\bWEB\alchemy\556.jpg <-- sundance godaddy /alchemy 556.jpg
2009.01.08 14:45 B C:\bWEB\alchemy\555.jpg <-- sundance godaddy /alchemy 555.jpg
2009.01.08 14:45 B C:\bWEB\alchemy\552.jpg <-- sundance godaddy /alchemy 552.jpg
2009.01.08 14:45 B C:\bWEB\alchemy\5486.jpg <-- sundance godaddy /alchemy 5486.jpg
2009.01.08 14:45 B C:\bWEB\alchemy\548.jpg <-- sundance godaddy /alchemy 548.jpg
2009.01.08 14:45 B C:\bWEB\alchemy\531.jpg <-- sundance godaddy /alchemy 531.jpg
2009.01.08 14:45 B C:\bWEB\alchemy\5192.jpg <-- sundance godaddy /alchemy 5192.jpg
2009.01.08 14:45 B C:\bWEB\alchemy\5188.jpg <-- sundance godaddy /alchemy 5188.jpg
2009.01.08 14:45 B C:\bWEB\alchemy\5186.jpg <-- sundance godaddy /alchemy 5186.jpg
2009.01.08 14:45 B C:\bWEB\alchemy\511.jpg <-- sundance godaddy /alchemy 511.jpg
2009.01.08 14:45 B C:\bWEB\alchemy\487.jpg <-- sundance godaddy /alchemy 487.jpg
2009.01.08 14:45 B C:\bWEB\alchemy\481.jpg <-- sundance godaddy /alchemy 481.jpg
2009.01.08 14:45 B C:\bWEB\alchemy\4641.jpg <-- sundance godaddy /alchemy 4641.jpg
2009.01.08 14:45 B C:\bWEB\alchemy\458.jpg <-- sundance godaddy /alchemy 458.jpg
2009.01.08 14:45 B C:\bWEB\alchemy\445.jpg <-- sundance godaddy /alchemy 445.jpg
2009.01.08 14:45 B C:\bWEB\alchemy\444.jpg <-- sundance godaddy /alchemy 444.jpg
2009.01.08 14:45 B C:\bWEB\alchemy\441.jpg <-- sundance godaddy /alchemy 441.jpg
2009.01.08 14:45 B C:\bWEB\alchemy\406.jpg <-- sundance godaddy /alchemy 406.jpg
2009.01.08 14:45 B C:\bWEB\alchemy\403.jpg <-- sundance godaddy /alchemy 403.jpg
2009.01.08 14:45 B C:\bWEB\alchemy\304.jpg <-- sundance godaddy /alchemy 304.jpg
2009.01.08 14:45 B C:\bWEB\alchemy\302.jpg <-- sundance godaddy /alchemy 302.jpg
2009.01.08 14:45 B C:\bWEB\alchemy\287g.jpg <-- sundance godaddy /alchemy 287g.jpg
2009.01.08 14:45 B C:\bWEB\alchemy\2383.jpg <-- sundance godaddy /alchemy 2383.jpg
2009.01.08 14:45 B C:\bWEB\alchemy\2380.jpg <-- sundance godaddy /alchemy 2380.jpg
2009.01.08 14:45 B C:\bWEB\alchemy\204.jpg <-- sundance godaddy /alchemy 204.jpg
2009.01.08 14:45 B C:\bWEB\alchemy\182.jpg <-- sundance godaddy /alchemy 182.jpg
2009.01.08 14:45 B C:\bWEB\alchemy\138.jpg <-- sundance godaddy /alchemy 138.jpg
2009.01.08 14:45 B C:\bWEB\alchemy\135.jpg <-- sundance godaddy /alchemy 135.jpg
2009.01.08 14:45 B C:\bWEB\alchemy\106.jpg <-- sundance godaddy /alchemy 106.jpg
2009.01.08 14:45 B C:\bWEB\alchemy\104.jpg <-- sundance godaddy /alchemy 104.jpg
2009.12.14 10:34 B C:\bWEB\alchemy\8458.jpg <-- sundance godaddy /alchemy 8458.jpg
2009.12.14 10:34 B C:\bWEB\alchemy\559.jpg <-- sundance godaddy /alchemy 559.jpg
2009.12.14 10:34 B C:\bWEB\alchemy\531.jpg <-- sundance godaddy /alchemy 531.jpg
2009.12.14 10:34 B C:\bWEB\alchemy\516.jpg <-- sundance godaddy /alchemy 516.jpg
2009.12.14 10:34 B C:\bWEB\alchemy\515.jpg <-- sundance godaddy /alchemy 515.jpg
2009.12.14 10:34 B C:\bWEB\alchemy\511.jpg <-- sundance godaddy /alchemy 511.jpg
2009.12.14 10:34 B C:\bWEB\alchemy\485.jpg <-- sundance godaddy /alchemy 485.jpg
2009.12.14 10:34 B C:\bWEB\alchemy\4838.jpg <-- sundance godaddy /alchemy 4838.jpg
2009.12.14 10:34 B C:\bWEB\alchemy\383.jpg <-- sundance godaddy /alchemy 383.jpg
2009.12.14 10:34 B C:\bWEB\alchemy\208.jpg <-- sundance godaddy /alchemy 208.jpg
2009.12.14 10:34 B C:\bWEB\alchemy\Merlot.jpg <-- sundance godaddy /alchemy Merlot.jpg
2009.12.14 10:35 B C:\bWEB\alchemy\9995.jpg <-- sundance godaddy /alchemy 9995.jpg
2009.12.14 10:35 B C:\bWEB\alchemy\9958.jpg <-- sundance godaddy /alchemy 9958.jpg
2009.12.14 10:35 B C:\bWEB\alchemy\993.jpg <-- sundance godaddy /alchemy 993.jpg
2009.12.14 10:35 B C:\bWEB\alchemy\987.jpg <-- sundance godaddy /alchemy 987.jpg
2009.12.14 10:35 B C:\bWEB\alchemy\9789.jpg <-- sundance godaddy /alchemy 9789.jpg
2009.12.14 10:35 B C:\bWEB\alchemy\9749.jpg <-- sundance godaddy /alchemy 9749.jpg
2009.12.14 10:35 B C:\bWEB\alchemy\974.jpg <-- sundance godaddy /alchemy 974.jpg
2009.12.14 10:35 B C:\bWEB\alchemy\864.jpg <-- sundance godaddy /alchemy 864.jpg
2009.12.14 10:35 B C:\bWEB\alchemy\8475.jpg <-- sundance godaddy /alchemy 8475.jpg
2009.12.14 10:35 B C:\bWEB\alchemy\8387.jpg <-- sundance godaddy /alchemy 8387.jpg
2009.12.14 10:35 B C:\bWEB\alchemy\833.jpg <-- sundance godaddy /alchemy 833.jpg
2009.12.14 10:35 B C:\bWEB\alchemy\804.jpg <-- sundance godaddy /alchemy 804.jpg
2009.12.14 10:35 B C:\bWEB\alchemy\786.jpg <-- sundance godaddy /alchemy 786.jpg
2009.12.14 10:35 B C:\bWEB\alchemy\775.jpg <-- sundance godaddy /alchemy 775.jpg
2009.12.14 10:35 B C:\bWEB\alchemy\773.jpg <-- sundance godaddy /alchemy 773.jpg
2009.12.14 10:35 B C:\bWEB\alchemy\683.jpg <-- sundance godaddy /alchemy 683.jpg
2009.12.14 10:35 B C:\bWEB\alchemy\597.jpg <-- sundance godaddy /alchemy 597.jpg
2009.12.14 10:35 B C:\bWEB\alchemy\592.jpg <-- sundance godaddy /alchemy 592.jpg
2009.12.14 10:35 B C:\bWEB\alchemy\5813.jpg <-- sundance godaddy /alchemy 5813.jpg
2009.12.14 10:35 B C:\bWEB\alchemy\558.jpg <-- sundance godaddy /alchemy 558.jpg
2009.12.14 10:35 B C:\bWEB\alchemy\555.jpg <-- sundance godaddy /alchemy 555.jpg
2009.12.14 10:35 B C:\bWEB\alchemy\552.jpg <-- sundance godaddy /alchemy 552.jpg
2009.12.14 10:35 B C:\bWEB\alchemy\5486.jpg <-- sundance godaddy /alchemy 5486.jpg
2009.12.14 10:35 B C:\bWEB\alchemy\544.jpg <-- sundance godaddy /alchemy 544.jpg
2009.12.14 10:35 B C:\bWEB\alchemy\5195.jpg <-- sundance godaddy /alchemy 5195.jpg
2009.12.14 10:35 B C:\bWEB\alchemy\5192.jpg <-- sundance godaddy /alchemy 5192.jpg
2009.12.14 10:35 B C:\bWEB\alchemy\5186.jpg <-- sundance godaddy /alchemy 5186.jpg
2009.12.14 10:35 B C:\bWEB\alchemy\512.jpg <-- sundance godaddy /alchemy 512.jpg
2009.12.14 10:35 B C:\bWEB\alchemy\510.jpg <-- sundance godaddy /alchemy 510.jpg
2009.12.14 10:35 B C:\bWEB\alchemy\489.jpg <-- sundance godaddy /alchemy 489.jpg
2009.12.14 10:35 B C:\bWEB\alchemy\4846.jpg <-- sundance godaddy /alchemy 4846.jpg
2009.12.14 10:35 B C:\bWEB\alchemy\481.jpg <-- sundance godaddy /alchemy 481.jpg
2009.12.14 10:35 B C:\bWEB\alchemy\4642.jpg <-- sundance godaddy /alchemy 4642.jpg
2009.12.14 10:35 B C:\bWEB\alchemy\461.jpg <-- sundance godaddy /alchemy 461.jpg
2009.12.14 10:35 B C:\bWEB\alchemy\458.jpg <-- sundance godaddy /alchemy 458.jpg
2009.12.14 10:35 B C:\bWEB\alchemy\4484.jpg <-- sundance godaddy /alchemy 4484.jpg
2009.12.14 10:35 B C:\bWEB\alchemy\447.jpg <-- sundance godaddy /alchemy 447.jpg
2009.12.14 10:35 B C:\bWEB\alchemy\446.jpg <-- sundance godaddy /alchemy 446.jpg
2009.12.14 10:35 B C:\bWEB\alchemy\445.jpg <-- sundance godaddy /alchemy 445.jpg
2009.12.14 10:35 B C:\bWEB\alchemy\444.jpg <-- sundance godaddy /alchemy 444.jpg
2009.12.14 10:35 B C:\bWEB\alchemy\441.jpg <-- sundance godaddy /alchemy 441.jpg
2009.12.14 10:35 B C:\bWEB\alchemy\406.jpg <-- sundance godaddy /alchemy 406.jpg
2009.12.14 10:35 B C:\bWEB\alchemy\403.jpg <-- sundance godaddy /alchemy 403.jpg
2009.12.14 10:35 B C:\bWEB\alchemy\388.jpg <-- sundance godaddy /alchemy 388.jpg
2009.12.14 10:35 B C:\bWEB\alchemy\381.jpg <-- sundance godaddy /alchemy 381.jpg
2009.12.14 10:35 B C:\bWEB\alchemy\304.jpg <-- sundance godaddy /alchemy 304.jpg
2009.12.14 10:35 B C:\bWEB\alchemy\302.jpg <-- sundance godaddy /alchemy 302.jpg
2009.12.14 10:35 B C:\bWEB\alchemy\301.jpg <-- sundance godaddy /alchemy 301.jpg
2009.12.14 10:35 B C:\bWEB\alchemy\287.jpg <-- sundance godaddy /alchemy 287.jpg
2009.12.14 10:35 B C:\bWEB\alchemy\2383.jpg <-- sundance godaddy /alchemy 2383.jpg
2009.12.14 10:35 B C:\bWEB\alchemy\2380.jpg <-- sundance godaddy /alchemy 2380.jpg
2009.12.14 10:35 B C:\bWEB\alchemy\204.jpg <-- sundance godaddy /alchemy 204.jpg
2009.12.14 10:35 B C:\bWEB\alchemy\139.jpg <-- sundance godaddy /alchemy 139.jpg
2009.12.14 10:35 B C:\bWEB\alchemy\1382.jpg <-- sundance godaddy /alchemy 1382.jpg
2009.12.14 10:35 B C:\bWEB\alchemy\138.jpg <-- sundance godaddy /alchemy 138.jpg
2009.12.14 10:35 B C:\bWEB\alchemy\132.jpg <-- sundance godaddy /alchemy 132.jpg
2009.12.14 10:35 B C:\bWEB\alchemy\106.jpg <-- sundance godaddy /alchemy 106.jpg
2009.12.14 10:35 B C:\bWEB\alchemy\9992.jpg <-- sundance godaddy /alchemy 9992.jpg
2009.12.14 10:35 B C:\bWEB\alchemy\8989.jpg <-- sundance godaddy /alchemy 8989.jpg
2009.12.14 10:35 B C:\bWEB\alchemy\587.jpg <-- sundance godaddy /alchemy 587.jpg
2009.12.14 10:35 B C:\bWEB\alchemy\556.jpg <-- sundance godaddy /alchemy 556.jpg
2009.12.14 10:35 B C:\bWEB\alchemy\5488.jpg <-- sundance godaddy /alchemy 5488.jpg
2009.12.14 10:35 B C:\bWEB\alchemy\548.jpg <-- sundance godaddy /alchemy 548.jpg
2009.12.14 10:35 B C:\bWEB\alchemy\546.jpg <-- sundance godaddy /alchemy 546.jpg
2009.12.14 10:35 B C:\bWEB\alchemy\5188.jpg <-- sundance godaddy /alchemy 5188.jpg
2009.12.14 10:35 B C:\bWEB\alchemy\514.jpg <-- sundance godaddy /alchemy 514.jpg
2009.12.14 10:36 B C:\bWEB\alchemy\487.jpg <-- sundance godaddy /alchemy 487.jpg
2009.12.14 10:36 B C:\bWEB\alchemy\4646.jpg <-- sundance godaddy /alchemy 4646.jpg
2009.12.14 10:36 B C:\bWEB\alchemy\386.jpg <-- sundance godaddy /alchemy 386.jpg
2009.12.14 10:36 B C:\bWEB\alchemy\385.jpg <-- sundance godaddy /alchemy 385.jpg
2009.12.14 10:36 B C:\bWEB\alchemy\382.jpg <-- sundance godaddy /alchemy 382.jpg
2009.12.14 10:36 B C:\bWEB\alchemy\104.jpg <-- sundance godaddy /alchemy 104.jpg
2009.12.14 11:43 B C:\bWEB\alchemy\8458.jpg <-- sundance godaddy /alchemy 8458.jpg
2009.12.14 11:43 B C:\bWEB\alchemy\559.jpg <-- sundance godaddy /alchemy 559.jpg
2009.12.14 11:43 B C:\bWEB\alchemy\531.jpg <-- sundance godaddy /alchemy 531.jpg
2009.12.14 11:43 B C:\bWEB\alchemy\516.jpg <-- sundance godaddy /alchemy 516.jpg
2009.12.14 11:43 B C:\bWEB\alchemy\515.jpg <-- sundance godaddy /alchemy 515.jpg
2009.12.14 11:44 B C:\bWEB\alchemy\511.jpg <-- sundance godaddy /alchemy 511.jpg
2009.12.14 11:44 B C:\bWEB\alchemy\485.jpg <-- sundance godaddy /alchemy 485.jpg
2009.12.14 11:44 B C:\bWEB\alchemy\4838.jpg <-- sundance godaddy /alchemy 4838.jpg
2009.12.14 11:44 B C:\bWEB\alchemy\383.jpg <-- sundance godaddy /alchemy 383.jpg
2009.12.14 11:44 B C:\bWEB\alchemy\208.jpg <-- sundance godaddy /alchemy 208.jpg
2009.12.14 11:44 B C:\bWEB\alchemy\Merlot.jpg <-- sundance godaddy /alchemy Merlot.jpg
2009.12.14 11:44 B C:\bWEB\alchemy\9995.jpg <-- sundance godaddy /alchemy 9995.jpg
2009.12.14 11:44 B C:\bWEB\alchemy\9958.jpg <-- sundance godaddy /alchemy 9958.jpg
2009.12.14 11:44 B C:\bWEB\alchemy\993.jpg <-- sundance godaddy /alchemy 993.jpg
2009.12.14 11:44 B C:\bWEB\alchemy\987.jpg <-- sundance godaddy /alchemy 987.jpg
2009.12.14 11:44 B C:\bWEB\alchemy\9789.jpg <-- sundance godaddy /alchemy 9789.jpg
2009.12.14 11:44 B C:\bWEB\alchemy\9749.jpg <-- sundance godaddy /alchemy 9749.jpg
2009.12.14 11:44 B C:\bWEB\alchemy\974.jpg <-- sundance godaddy /alchemy 974.jpg
2009.12.14 11:44 B C:\bWEB\alchemy\864.jpg <-- sundance godaddy /alchemy 864.jpg
2009.12.14 11:44 B C:\bWEB\alchemy\8475.jpg <-- sundance godaddy /alchemy 8475.jpg
2009.12.14 11:44 B C:\bWEB\alchemy\8387.jpg <-- sundance godaddy /alchemy 8387.jpg
2009.12.14 11:44 B C:\bWEB\alchemy\833.jpg <-- sundance godaddy /alchemy 833.jpg
2009.12.14 11:44 B C:\bWEB\alchemy\804.jpg <-- sundance godaddy /alchemy 804.jpg
2009.12.14 11:44 B C:\bWEB\alchemy\786.jpg <-- sundance godaddy /alchemy 786.jpg
2009.12.14 11:44 B C:\bWEB\alchemy\775.jpg <-- sundance godaddy /alchemy 775.jpg
2009.12.14 11:44 B C:\bWEB\alchemy\773.jpg <-- sundance godaddy /alchemy 773.jpg
2009.12.14 11:44 B C:\bWEB\alchemy\683.jpg <-- sundance godaddy /alchemy 683.jpg
2009.12.14 11:44 B C:\bWEB\alchemy\597.jpg <-- sundance godaddy /alchemy 597.jpg
2009.12.14 11:44 B C:\bWEB\alchemy\592.jpg <-- sundance godaddy /alchemy 592.jpg
2009.12.14 11:44 B C:\bWEB\alchemy\5813.jpg <-- sundance godaddy /alchemy 5813.jpg
2009.12.14 11:44 B C:\bWEB\alchemy\558.jpg <-- sundance godaddy /alchemy 558.jpg
2009.12.14 11:44 B C:\bWEB\alchemy\555.jpg <-- sundance godaddy /alchemy 555.jpg
2009.12.14 11:44 B C:\bWEB\alchemy\552.jpg <-- sundance godaddy /alchemy 552.jpg
2009.12.14 11:44 B C:\bWEB\alchemy\5486.jpg <-- sundance godaddy /alchemy 5486.jpg
2009.12.14 11:44 B C:\bWEB\alchemy\544.jpg <-- sundance godaddy /alchemy 544.jpg
2009.12.14 11:44 B C:\bWEB\alchemy\5195.jpg <-- sundance godaddy /alchemy 5195.jpg
2009.12.14 11:44 B C:\bWEB\alchemy\5192.jpg <-- sundance godaddy /alchemy 5192.jpg
2009.12.14 11:44 B C:\bWEB\alchemy\5186.jpg <-- sundance godaddy /alchemy 5186.jpg
2009.12.14 11:44 B C:\bWEB\alchemy\512.jpg <-- sundance godaddy /alchemy 512.jpg
2009.12.14 11:44 B C:\bWEB\alchemy\510.jpg <-- sundance godaddy /alchemy 510.jpg
2009.12.14 11:44 B C:\bWEB\alchemy\489.jpg <-- sundance godaddy /alchemy 489.jpg
2009.12.14 11:44 B C:\bWEB\alchemy\4846.jpg <-- sundance godaddy /alchemy 4846.jpg
2009.12.14 11:44 B C:\bWEB\alchemy\481.jpg <-- sundance godaddy /alchemy 481.jpg
2009.12.14 11:44 B C:\bWEB\alchemy\4642.jpg <-- sundance godaddy /alchemy 4642.jpg
2009.12.14 11:44 B C:\bWEB\alchemy\461.jpg <-- sundance godaddy /alchemy 461.jpg
2009.12.14 11:44 B C:\bWEB\alchemy\458.jpg <-- sundance godaddy /alchemy 458.jpg
2009.12.14 11:44 B C:\bWEB\alchemy\4484.jpg <-- sundance godaddy /alchemy 4484.jpg
2009.12.14 11:44 B C:\bWEB\alchemy\447.jpg <-- sundance godaddy /alchemy 447.jpg
2009.12.14 11:44 B C:\bWEB\alchemy\446.jpg <-- sundance godaddy /alchemy 446.jpg
2009.12.14 11:44 B C:\bWEB\alchemy\445.jpg <-- sundance godaddy /alchemy 445.jpg
2009.12.14 11:44 B C:\bWEB\alchemy\444.jpg <-- sundance godaddy /alchemy 444.jpg
2009.12.14 11:44 B C:\bWEB\alchemy\441.jpg <-- sundance godaddy /alchemy 441.jpg
2009.12.14 11:44 B C:\bWEB\alchemy\406.jpg <-- sundance godaddy /alchemy 406.jpg
2009.12.14 11:44 B C:\bWEB\alchemy\403.jpg <-- sundance godaddy /alchemy 403.jpg
2009.12.14 11:44 B C:\bWEB\alchemy\388.jpg <-- sundance godaddy /alchemy 388.jpg
2009.12.14 11:44 B C:\bWEB\alchemy\381.jpg <-- sundance godaddy /alchemy 381.jpg
2009.12.14 11:44 B C:\bWEB\alchemy\304.jpg <-- sundance godaddy /alchemy 304.jpg
2009.12.14 11:44 B C:\bWEB\alchemy\302.jpg <-- sundance godaddy /alchemy 302.jpg
2009.12.14 11:44 B C:\bWEB\alchemy\301.jpg <-- sundance godaddy /alchemy 301.jpg
2009.12.14 11:44 B C:\bWEB\alchemy\287.jpg <-- sundance godaddy /alchemy 287.jpg
2009.12.14 11:44 B C:\bWEB\alchemy\2383.jpg <-- sundance godaddy /alchemy 2383.jpg
2009.12.14 11:44 B C:\bWEB\alchemy\2380.jpg <-- sundance godaddy /alchemy 2380.jpg
2009.12.14 11:44 B C:\bWEB\alchemy\204.jpg <-- sundance godaddy /alchemy 204.jpg
2009.12.14 11:44 B C:\bWEB\alchemy\139.jpg <-- sundance godaddy /alchemy 139.jpg
2009.12.14 11:44 B C:\bWEB\alchemy\1382.jpg <-- sundance godaddy /alchemy 1382.jpg
2009.12.14 11:44 B C:\bWEB\alchemy\138.jpg <-- sundance godaddy /alchemy 138.jpg
2009.12.14 11:44 B C:\bWEB\alchemy\132.jpg <-- sundance godaddy /alchemy 132.jpg
2009.12.14 11:44 B C:\bWEB\alchemy\106.jpg <-- sundance godaddy /alchemy 106.jpg
2009.12.14 11:44 B C:\bWEB\alchemy\9992.jpg <-- sundance godaddy /alchemy 9992.jpg
2009.12.14 11:44 B C:\bWEB\alchemy\8989.jpg <-- sundance godaddy /alchemy 8989.jpg
2009.12.14 11:44 B C:\bWEB\alchemy\587.jpg <-- sundance godaddy /alchemy 587.jpg
2009.12.14 11:44 B C:\bWEB\alchemy\556.jpg <-- sundance godaddy /alchemy 556.jpg
2009.12.14 11:44 B C:\bWEB\alchemy\5488.jpg <-- sundance godaddy /alchemy 5488.jpg
2009.12.14 11:44 B C:\bWEB\alchemy\548.jpg <-- sundance godaddy /alchemy 548.jpg
2009.12.14 11:44 B C:\bWEB\alchemy\546.jpg <-- sundance godaddy /alchemy 546.jpg
2009.12.14 11:44 B C:\bWEB\alchemy\5188.jpg <-- sundance godaddy /alchemy 5188.jpg
2009.12.14 11:45 B C:\bWEB\alchemy\514.jpg <-- sundance godaddy /alchemy 514.jpg
2009.12.14 11:45 B C:\bWEB\alchemy\487.jpg <-- sundance godaddy /alchemy 487.jpg
2009.12.14 11:45 B C:\bWEB\alchemy\4646.jpg <-- sundance godaddy /alchemy 4646.jpg
2009.12.14 11:45 B C:\bWEB\alchemy\386.jpg <-- sundance godaddy /alchemy 386.jpg
2009.12.14 11:45 B C:\bWEB\alchemy\385.jpg <-- sundance godaddy /alchemy 385.jpg
2009.12.14 11:45 B C:\bWEB\alchemy\382.jpg <-- sundance godaddy /alchemy 382.jpg
2009.12.14 11:45 B C:\bWEB\alchemy\104.jpg <-- sundance godaddy /alchemy 104.jpg
2009.12.14 11:45 B C:\bWEB\alchemy\Purplerain.jpg <-- sundance godaddy /alchemy Purplerain.jpg
2009.12.14 11:45 B C:\bWEB\alchemy\Fuschia.jpg <-- sundance godaddy /alchemy Fuschia.jpg
2009.12.14 11:45 B C:\bWEB\alchemy\Raspberry.JPG <-- sundance godaddy /alchemy Raspberry.JPG
2009.12.14 11:45 B C:\bWEB\alchemy\Caramel.jpg <-- sundance godaddy /alchemy Caramel.jpg
2009.12.14 11:45 B C:\bWEB\alchemy\tailor-tube2.jpg <-- sundance godaddy /alchemy tailor-tube2.jpg
2009.12.14 11:45 B C:\bWEB\alchemy\tailor-tube1.jpg <-- sundance godaddy /alchemy tailor-tube1.jpg
2009.12.14 11:45 B C:\bWEB\alchemy\9995F.jpg <-- sundance godaddy /alchemy 9995F.jpg
2009.12.14 11:45 B C:\bWEB\alchemy\9749F.jpg <-- sundance godaddy /alchemy 9749F.jpg
2009.12.14 11:45 B C:\bWEB\alchemy\786F.jpg <-- sundance godaddy /alchemy 786F.jpg
2009.12.14 11:45 B C:\bWEB\alchemy\559F.jpg <-- sundance godaddy /alchemy 559F.jpg
2009.12.14 11:45 B C:\bWEB\alchemy\489F.jpg <-- sundance godaddy /alchemy 489F.jpg
2009.12.14 11:45 B C:\bWEB\alchemy\444F.jpg <-- sundance godaddy /alchemy 444F.jpg
2009.12.14 11:45 B C:\bWEB\alchemy\441F.jpg <-- sundance godaddy /alchemy 441F.jpg
2009.12.14 11:45 B C:\bWEB\alchemy\104F.jpg <-- sundance godaddy /alchemy 104F.jpg
2009.12.14 11:45 B C:\bWEB\alchemy\961.jpg <-- sundance godaddy /alchemy 961.jpg
2009.12.14 11:45 B C:\bWEB\alchemy\931.jpg <-- sundance godaddy /alchemy 931.jpg
2009.12.14 11:45 B C:\bWEB\alchemy\860.jpg <-- sundance godaddy /alchemy 860.jpg
2009.12.14 11:45 B C:\bWEB\alchemy\761.jpg <-- sundance godaddy /alchemy 761.jpg
2009.12.14 11:45 B C:\bWEB\alchemy\738.jpg <-- sundance godaddy /alchemy 738.jpg
2009.12.14 11:45 B C:\bWEB\alchemy\672.jpg <-- sundance godaddy /alchemy 672.jpg
2009.12.14 11:45 B C:\bWEB\alchemy\585.jpg <-- sundance godaddy /alchemy 585.jpg
2009.12.14 11:45 B C:\bWEB\alchemy\541.jpg <-- sundance godaddy /alchemy 541.jpg
2009.12.14 11:45 B C:\bWEB\alchemy\521.jpg <-- sundance godaddy /alchemy 521.jpg
2009.12.14 11:45 B C:\bWEB\alchemy\4641.jpg <-- sundance godaddy /alchemy 4641.jpg
2009.12.14 11:45 B C:\bWEB\alchemy\4578.jpg <-- sundance godaddy /alchemy 4578.jpg
2009.12.14 11:45 B C:\bWEB\alchemy\436.jpg <-- sundance godaddy /alchemy 436.jpg
2009.12.14 11:45 B C:\bWEB\alchemy\421.jpg <-- sundance godaddy /alchemy 421.jpg
2009.12.14 11:45 B C:\bWEB\alchemy\263.jpg <-- sundance godaddy /alchemy 263.jpg
2009.12.14 11:45 B C:\bWEB\alchemy\182.jpg <-- sundance godaddy /alchemy 182.jpg
2009.12.14 11:45 B C:\bWEB\alchemy\163.jpg <-- sundance godaddy /alchemy 163.jpg
2009.12.14 11:45 B C:\bWEB\alchemy\135.jpg <-- sundance godaddy /alchemy 135.jpg
